d:\github\6_sem_osisp\labs\lab6-ht-service-user-com-dll\os15_htcom\x64\debug\os15_htcom.pch
d:\github\6_sem_osisp\labs\lab6-ht-service-user-com-dll\os15_htcom\x64\debug\vc142.pdb
d:\github\6_sem_osisp\labs\lab6-ht-service-user-com-dll\os15_htcom\x64\debug\vc142.idb
d:\github\6_sem_osisp\labs\lab6-ht-service-user-com-dll\os15_htcom\x64\debug\pch.obj
d:\github\6_sem_osisp\labs\lab6-ht-service-user-com-dll\os15_htcom\x64\debug\registry.obj
d:\github\6_sem_osisp\labs\lab6-ht-service-user-com-dll\os15_htcom\x64\debug\exportfunctions.obj
d:\github\6_sem_osisp\labs\lab6-ht-service-user-com-dll\os15_htcom\x64\debug\dllmain.obj
d:\github\6_sem_osisp\labs\lab6-ht-service-user-com-dll\os15_htcom\x64\debug\componentht.obj
d:\github\6_sem_osisp\labs\lab6-ht-service-user-com-dll\os15_htcom\x64\debug\classfactory.obj
d:\github\6_sem_osisp\labs\lab6-ht-service-user-com-dll\os15_htcom\x64\debug\os15_htcom.ilk
d:\github\6_sem_osisp\labs\lab6-ht-service-user-com-dll\x64\debug\os15_htcom.dll
d:\github\6_sem_osisp\labs\lab6-ht-service-user-com-dll\x64\debug\os15_htcom.pdb
d:\github\6_sem_osisp\labs\lab6-ht-service-user-com-dll\x64\debug\os15_htcom.lib
d:\github\6_sem_osisp\labs\lab6-ht-service-user-com-dll\x64\debug\os15_htcom.exp
d:\github\6_sem_osisp\labs\lab6-ht-service-user-com-dll\os15_htcom\x64\debug\os15_htcom.tlog\cl.command.1.tlog
d:\github\6_sem_osisp\labs\lab6-ht-service-user-com-dll\os15_htcom\x64\debug\os15_htcom.tlog\cl.read.1.tlog
d:\github\6_sem_osisp\labs\lab6-ht-service-user-com-dll\os15_htcom\x64\debug\os15_htcom.tlog\cl.write.1.tlog
d:\github\6_sem_osisp\labs\lab6-ht-service-user-com-dll\os15_htcom\x64\debug\os15_htcom.tlog\link.command.1.tlog
d:\github\6_sem_osisp\labs\lab6-ht-service-user-com-dll\os15_htcom\x64\debug\os15_htcom.tlog\link.read.1.tlog
d:\github\6_sem_osisp\labs\lab6-ht-service-user-com-dll\os15_htcom\x64\debug\os15_htcom.tlog\link.write.1.tlog
d:\github\6_sem_osisp\labs\lab6-ht-service-user-com-dll\os15_htcom\x64\debug\os15_htcom.tlog\os15_htcom.write.1u.tlog
